<?xml version="1.0" encoding="UTF-8"?>
<!-- Generated by org.testng.reporters.JUnitReportReporter -->
<testsuite hostname="RamandeepsMBP2" name="com.Business.Test.RunBusinessTest" tests="1" failures="0" timestamp="5 Aug 2015 20:52:50 GMT" time="22.306" errors="0">
  <testcase name="ClickonIdeator" time="22.306" classname="com.Business.Test.RunBusinessTest"/>
</testsuite> <!-- com.Business.Test.RunBusinessTest -->
