<?xml version="1.0" encoding="UTF-8"?>
<!-- Generated by org.testng.reporters.JUnitReportReporter -->
<testsuite hostname="RamandeepsMBP2" name="com.Ideator.Signup.MainToRun" tests="1" failures="0" timestamp="5 Aug 2015 05:06:04 GMT" time="14.968" errors="0">
  <testcase name="ClickonIdeator" time="14.968" classname="com.Ideator.Signup.MainToRun"/>
</testsuite> <!-- com.Ideator.Signup.MainToRun -->
